<?xml version="1.0" encoding="UTF-8"?><testrun name="PaymentServiceImplTest" project="payment-service" tests="5" started="5" failures="0" errors="1" ignored="0">
  <testsuite name="com.project.service.PaymentServiceImplTest" time="0.247" displayname="PaymentServiceImplTest" uniqueid="[engine:junit-jupiter]/[class:com.project.service.PaymentServiceImplTest]">
    <testcase name="testAdd" classname="com.project.service.PaymentServiceImplTest" time="0.172" displayname="testAdd()" uniqueid="[engine:junit-jupiter]/[class:com.project.service.PaymentServiceImplTest]/[method:testAdd()]"/>
    <testcase name="testUpdateStatus" classname="com.project.service.PaymentServiceImplTest" time="0.022" displayname="testUpdateStatus()" uniqueid="[engine:junit-jupiter]/[class:com.project.service.PaymentServiceImplTest]/[method:testUpdateStatus()]">
      <error>java.lang.NullPointerException: Cannot invoke "com.project.entity.Payment.getPaymentStatus()" because "updatedPayment" is null&#13;
	at com.project.service.PaymentServiceImplTest.testUpdateStatus(PaymentServiceImplTest.java:117)&#13;
	at java.base/java.lang.reflect.Method.invoke(Method.java:568)&#13;
	at java.base/java.util.ArrayList.forEach(ArrayList.java:1511)&#13;
	at java.base/java.util.ArrayList.forEach(ArrayList.java:1511)&#13;
&#13;
</error>
    </testcase>
    <testcase name="testGetAll" classname="com.project.service.PaymentServiceImplTest" time="0.011" displayname="testGetAll()" uniqueid="[engine:junit-jupiter]/[class:com.project.service.PaymentServiceImplTest]/[method:testGetAll()]"/>
    <testcase name="testRemove" classname="com.project.service.PaymentServiceImplTest" time="0.011" displayname="testRemove()" uniqueid="[engine:junit-jupiter]/[class:com.project.service.PaymentServiceImplTest]/[method:testRemove()]"/>
    <testcase name="testSearch" classname="com.project.service.PaymentServiceImplTest" time="0.013" displayname="testSearch()" uniqueid="[engine:junit-jupiter]/[class:com.project.service.PaymentServiceImplTest]/[method:testSearch()]"/>
  </testsuite>
</testrun>
