<?xml version="1.0" encoding="UTF-8"?><testrun name="PaymentControllerTest" project="payment-service" tests="4" started="4" failures="1" errors="0" ignored="0">
  <testsuite name="com.project.controller.PaymentControllerTest" time="0.526" displayname="PaymentControllerTest" uniqueid="[engine:junit-jupiter]/[class:com.project.controller.PaymentControllerTest]">
    <testcase name="test_GetAllPayments" classname="com.project.controller.PaymentControllerTest" time="0.343" displayname="test_GetAllPayments()" uniqueid="[engine:junit-jupiter]/[class:com.project.controller.PaymentControllerTest]/[method:test_GetAllPayments()]"/>
    <testcase name="testRemovePayment" classname="com.project.controller.PaymentControllerTest" time="0.154" displayname="testRemovePayment()" uniqueid="[engine:junit-jupiter]/[class:com.project.controller.PaymentControllerTest]/[method:testRemovePayment()]">
      <failure>java.lang.AssertionError: Status expected:&lt;202&gt; but was:&lt;302&gt;&#13;
	at org.springframework.test.util.AssertionErrors.fail(AssertionErrors.java:59)&#13;
	at org.springframework.test.util.AssertionErrors.assertEquals(AssertionErrors.java:122)&#13;
	at org.springframework.test.web.servlet.result.StatusResultMatchers.lambda$matcher$9(StatusResultMatchers.java:637)&#13;
	at org.springframework.test.web.servlet.MockMvc$1.andExpect(MockMvc.java:214)&#13;
	at com.project.controller.PaymentControllerTest.testRemovePayment(PaymentControllerTest.java:95)&#13;
	at java.base/java.lang.reflect.Method.invoke(Method.java:568)&#13;
	at java.base/java.util.ArrayList.forEach(ArrayList.java:1511)&#13;
	at java.base/java.util.ArrayList.forEach(ArrayList.java:1511)&#13;
&#13;
</failure>
    </testcase>
    <testcase name="test_SearchPayment" classname="com.project.controller.PaymentControllerTest" time="0.009" displayname="test_SearchPayment()" uniqueid="[engine:junit-jupiter]/[class:com.project.controller.PaymentControllerTest]/[method:test_SearchPayment()]"/>
    <testcase name="test_AddPayment" classname="com.project.controller.PaymentControllerTest" time="0.013" displayname="test_AddPayment()" uniqueid="[engine:junit-jupiter]/[class:com.project.controller.PaymentControllerTest]/[method:test_AddPayment()]"/>
  </testsuite>
</testrun>
